<?xml version="1.0" encoding="UTF-8"?>
<!-- Generated by org.testng.reporters.JUnitXMLReporter -->
<testsuite ignored="1" hostname="DELL" failures="0" tests="1" name="Default test" time="9.918" errors="0" timestamp="2022-12-21T19:16:17 IST">
  <testcase classname="vtiger.OrganizationTestng.CreateOrganizationTest" name="demoTest" time="0.036"/>
  <testcase classname="vtiger.OrganizationTestng.CreateOrganizationTest" name="createOrgTest" time="0.0">
    <ignored/>
  </testcase> <!-- createOrgTest -->
</testsuite> <!-- Default test -->
