<?xml version="1.0" encoding="UTF-8"?>
<!-- Generated by org.testng.reporters.JUnitXMLReporter -->
<testsuite ignored="1" hostname="DELL" failures="0" tests="1" name="Test" time="19.913" errors="0" timestamp="2022-11-25T16:46:35 IST">
  <testcase classname="vtiger.OrganizationTestng.CreateOrganizationTest" name="demoTest" time="0.02"/>
  <testcase classname="vtiger.OrganizationTestng.CreateOrganizationTest" name="createOrgTest" time="0.0">
    <ignored/>
  </testcase> <!-- createOrgTest -->
</testsuite> <!-- Test -->
